<?xml version="1.0" encoding="UTF-8"?>
<testng-results skipped="0" failed="0" ignored="0" total="1" passed="1">
  <reporter-output>
  </reporter-output>
  <suite name="Default suite" duration-ms="61296" started-at="2023-02-25T11:51:02 EST" finished-at="2023-02-25T11:52:04 EST">
    <groups>
    </groups>
    <test name="Default test" duration-ms="61296" started-at="2023-02-25T11:51:02 EST" finished-at="2023-02-25T11:52:04 EST">
      <class name="org.mma.mercury.tours.regression.suite.MercuryToursRegressionSuite">
        <test-method status="PASS" signature="startBrowser()[pri:0, instance:org.mma.mercury.tours.regression.suite.MercuryToursRegressionSuite@51c8530f]" name="startBrowser" is-config="true" duration-ms="17004" started-at="2023-02-25T11:51:03 EST" finished-at="2023-02-25T11:51:20 EST">
          <reporter-output>
          </reporter-output>
        </test-method> <!-- startBrowser -->
        <test-method status="PASS" signature="userRegistration(java.lang.String,java.lang.String,java.lang.String,java.lang.String,java.lang.String,java.lang.String,java.lang.String,java.lang.String,java.lang.String,java.lang.String,java.lang.String,java.lang.String)[pri:0, instance:org.mma.mercury.tours.regression.suite.MercuryToursRegressionSuite@51c8530f]" name="userRegistration" duration-ms="37020" started-at="2023-02-25T11:51:23 EST" data-provider="getRegisterPage" finished-at="2023-02-25T11:52:01 EST">
          <params>
            <param index="0">
              <value>
                <![CDATA[Jojo]]>
              </value>
            </param>
            <param index="1">
              <value>
                <![CDATA[Bean]]>
              </value>
            </param>
            <param index="2">
              <value>
                <![CDATA[(777)666-5555]]>
              </value>
            </param>
            <param index="3">
              <value>
                <![CDATA[jojobean@gmail.com]]>
              </value>
            </param>
            <param index="4">
              <value>
                <![CDATA[123, Main St]]>
              </value>
            </param>
            <param index="5">
              <value>
                <![CDATA[Baltimore]]>
              </value>
            </param>
            <param index="6">
              <value>
                <![CDATA[MD]]>
              </value>
            </param>
            <param index="7">
              <value>
                <![CDATA[21223.0]]>
              </value>
            </param>
            <param index="8">
              <value>
                <![CDATA[UNITED STATES]]>
              </value>
            </param>
            <param index="9">
              <value>
                <![CDATA[jojobean]]>
              </value>
            </param>
            <param index="10">
              <value>
                <![CDATA[Pass123]]>
              </value>
            </param>
            <param index="11">
              <value>
                <![CDATA[Pass123]]>
              </value>
            </param>
          </params>
          <reporter-output>
          </reporter-output>
        </test-method> <!-- userRegistration -->
        <test-method status="PASS" signature="closeBrowser()[pri:0, instance:org.mma.mercury.tours.regression.suite.MercuryToursRegressionSuite@51c8530f]" name="closeBrowser" is-config="true" duration-ms="3234" started-at="2023-02-25T11:52:01 EST" finished-at="2023-02-25T11:52:04 EST">
          <reporter-output>
          </reporter-output>
        </test-method> <!-- closeBrowser -->
      </class> <!-- org.mma.mercury.tours.regression.suite.MercuryToursRegressionSuite -->
    </test> <!-- Default test -->
  </suite> <!-- Default suite -->
</testng-results>
